2025-11-12 11:03:44,538 - main - INFO - Loading config from configs/default.yaml...
2025-11-12 11:03:46,189 - main - INFO - Creating model...
2025-11-12 11:03:46,464 - main - INFO - Model: ForecastingModel
2025-11-12 11:03:46,466 - main - INFO - Total parameters: 14,025,185
2025-11-12 11:03:46,466 - main - INFO - Trainable parameters: 14,025,185
2025-11-12 11:03:46,466 - main - INFO - Model structure:
2025-11-12 11:03:46,466 - main - INFO -   spatial_encoder: SpatialEncoder
2025-11-12 11:03:46,467 - main - INFO -   spatial_encoder.encoder: Sequential
2025-11-12 11:03:46,467 - main - INFO -   spatial_encoder.encoder.0: Conv2d
2025-11-12 11:03:46,467 - main - INFO -   spatial_encoder.encoder.1: BatchNorm2d
2025-11-12 11:03:46,467 - main - INFO -   spatial_encoder.encoder.2: ReLU
2025-11-12 11:03:46,467 - main - INFO -   spatial_encoder.encoder.3: ResBlock
2025-11-12 11:03:46,467 - main - INFO -   spatial_encoder.encoder.3.conv1: Conv2d
2025-11-12 11:03:46,467 - main - INFO -   spatial_encoder.encoder.3.bn1: BatchNorm2d
2025-11-12 11:03:46,467 - main - INFO -   spatial_encoder.encoder.3.conv2: Conv2d
2025-11-12 11:03:46,468 - main - INFO -   spatial_encoder.encoder.3.bn2: BatchNorm2d
2025-11-12 11:03:46,468 - main - INFO -   spatial_encoder.encoder.3.shortcut: Sequential
2025-11-12 11:03:46,468 - main - INFO -   spatial_encoder.encoder.4: ResBlock
2025-11-12 11:03:46,468 - main - INFO -   spatial_encoder.encoder.4.conv1: Conv2d
2025-11-12 11:03:46,468 - main - INFO -   spatial_encoder.encoder.4.bn1: BatchNorm2d
2025-11-12 11:03:46,468 - main - INFO -   spatial_encoder.encoder.4.conv2: Conv2d
2025-11-12 11:03:46,468 - main - INFO -   spatial_encoder.encoder.4.bn2: BatchNorm2d
2025-11-12 11:03:46,469 - main - INFO -   spatial_encoder.encoder.4.shortcut: Sequential
2025-11-12 11:03:46,469 - main - INFO -   spatial_encoder.encoder.4.shortcut.0: Conv2d
2025-11-12 11:03:46,469 - main - INFO -   spatial_encoder.encoder.4.shortcut.1: BatchNorm2d
2025-11-12 11:03:46,469 - main - INFO -   temporal_encoder: TemporalTCN
2025-11-12 11:03:46,469 - main - INFO -   temporal_encoder.network: Sequential
2025-11-12 11:03:46,469 - main - INFO -   temporal_encoder.network.0: TCNBlock
2025-11-12 11:03:46,469 - main - INFO -   temporal_encoder.network.0.conv1: CausalConv1D
2025-11-12 11:03:46,470 - main - INFO -   temporal_encoder.network.0.conv1.conv: Conv1d
2025-11-12 11:03:46,470 - main - INFO -   temporal_encoder.network.0.bn1: BatchNorm1d
2025-11-12 11:03:46,470 - main - INFO -   temporal_encoder.network.0.conv2: CausalConv1D
2025-11-12 11:03:46,470 - main - INFO -   temporal_encoder.network.0.conv2.conv: Conv1d
2025-11-12 11:03:46,470 - main - INFO -   temporal_encoder.network.0.bn2: BatchNorm1d
2025-11-12 11:03:46,470 - main - INFO -   temporal_encoder.network.0.relu: ReLU
2025-11-12 11:03:46,471 - main - INFO -   temporal_encoder.network.1: TCNBlock
2025-11-12 11:03:46,471 - main - INFO -   temporal_encoder.network.1.conv1: CausalConv1D
2025-11-12 11:03:46,471 - main - INFO -   temporal_encoder.network.1.conv1.conv: Conv1d
2025-11-12 11:03:46,471 - main - INFO -   temporal_encoder.network.1.bn1: BatchNorm1d
2025-11-12 11:03:46,471 - main - INFO -   temporal_encoder.network.1.conv2: CausalConv1D
2025-11-12 11:03:46,471 - main - INFO -   temporal_encoder.network.1.conv2.conv: Conv1d
2025-11-12 11:03:46,471 - main - INFO -   temporal_encoder.network.1.bn2: BatchNorm1d
2025-11-12 11:03:46,472 - main - INFO -   temporal_encoder.network.1.relu: ReLU
2025-11-12 11:03:46,472 - main - INFO -   temporal_encoder.network.2: TCNBlock
2025-11-12 11:03:46,472 - main - INFO -   temporal_encoder.network.2.conv1: CausalConv1D
2025-11-12 11:03:46,472 - main - INFO -   temporal_encoder.network.2.conv1.conv: Conv1d
2025-11-12 11:03:46,472 - main - INFO -   temporal_encoder.network.2.bn1: BatchNorm1d
2025-11-12 11:03:46,473 - main - INFO -   temporal_encoder.network.2.conv2: CausalConv1D
2025-11-12 11:03:46,473 - main - INFO -   temporal_encoder.network.2.conv2.conv: Conv1d
2025-11-12 11:03:46,473 - main - INFO -   temporal_encoder.network.2.bn2: BatchNorm1d
2025-11-12 11:03:46,473 - main - INFO -   temporal_encoder.network.2.relu: ReLU
2025-11-12 11:03:46,473 - main - INFO -   temporal_encoder.network.3: TCNBlock
2025-11-12 11:03:46,474 - main - INFO -   temporal_encoder.network.3.conv1: CausalConv1D
2025-11-12 11:03:46,474 - main - INFO -   temporal_encoder.network.3.conv1.conv: Conv1d
2025-11-12 11:03:46,474 - main - INFO -   temporal_encoder.network.3.bn1: BatchNorm1d
2025-11-12 11:03:46,474 - main - INFO -   temporal_encoder.network.3.conv2: CausalConv1D
2025-11-12 11:03:46,474 - main - INFO -   temporal_encoder.network.3.conv2.conv: Conv1d
2025-11-12 11:03:46,474 - main - INFO -   temporal_encoder.network.3.bn2: BatchNorm1d
2025-11-12 11:03:46,475 - main - INFO -   temporal_encoder.network.3.relu: ReLU
2025-11-12 11:03:46,475 - main - INFO -   transformer_encoder: TransformerEncoder
2025-11-12 11:03:46,475 - main - INFO -   transformer_encoder.positional_encoding: PositionalEncoding
2025-11-12 11:03:46,475 - main - INFO -   transformer_encoder.encoder_layers: ModuleList
2025-11-12 11:03:46,475 - main - INFO -   transformer_encoder.encoder_layers.0: TransformerEncoderLayer
2025-11-12 11:03:46,475 - main - INFO -   transformer_encoder.encoder_layers.0.attention: MultiHeadAttention
2025-11-12 11:03:46,476 - main - INFO -   transformer_encoder.encoder_layers.0.attention.W_q: Linear
2025-11-12 11:03:46,476 - main - INFO -   transformer_encoder.encoder_layers.0.attention.W_k: Linear
2025-11-12 11:03:46,476 - main - INFO -   transformer_encoder.encoder_layers.0.attention.W_v: Linear
2025-11-12 11:03:46,476 - main - INFO -   transformer_encoder.encoder_layers.0.attention.W_o: Linear
2025-11-12 11:03:46,476 - main - INFO -   transformer_encoder.encoder_layers.0.feed_forward: PositionWiseFeedForward
2025-11-12 11:03:46,477 - main - INFO -   transformer_encoder.encoder_layers.0.feed_forward.fc1: Linear
2025-11-12 11:03:46,477 - main - INFO -   transformer_encoder.encoder_layers.0.feed_forward.fc2: Linear
2025-11-12 11:03:46,477 - main - INFO -   transformer_encoder.encoder_layers.0.feed_forward.relu: ReLU
2025-11-12 11:03:46,477 - main - INFO -   transformer_encoder.encoder_layers.0.norm1: LayerNorm
2025-11-12 11:03:46,477 - main - INFO -   transformer_encoder.encoder_layers.0.norm2: LayerNorm
2025-11-12 11:03:46,478 - main - INFO -   transformer_encoder.encoder_layers.1: TransformerEncoderLayer
2025-11-12 11:03:46,478 - main - INFO -   transformer_encoder.encoder_layers.1.attention: MultiHeadAttention
2025-11-12 11:03:46,478 - main - INFO -   transformer_encoder.encoder_layers.1.attention.W_q: Linear
2025-11-12 11:03:46,478 - main - INFO -   transformer_encoder.encoder_layers.1.attention.W_k: Linear
2025-11-12 11:03:46,479 - main - INFO -   transformer_encoder.encoder_layers.1.attention.W_v: Linear
2025-11-12 11:03:46,479 - main - INFO -   transformer_encoder.encoder_layers.1.attention.W_o: Linear
2025-11-12 11:03:46,479 - main - INFO -   transformer_encoder.encoder_layers.1.feed_forward: PositionWiseFeedForward
2025-11-12 11:03:46,479 - main - INFO -   transformer_encoder.encoder_layers.1.feed_forward.fc1: Linear
2025-11-12 11:03:46,479 - main - INFO -   transformer_encoder.encoder_layers.1.feed_forward.fc2: Linear
2025-11-12 11:03:46,479 - main - INFO -   transformer_encoder.encoder_layers.1.feed_forward.relu: ReLU
2025-11-12 11:03:46,480 - main - INFO -   transformer_encoder.encoder_layers.1.norm1: LayerNorm
2025-11-12 11:03:46,480 - main - INFO -   transformer_encoder.encoder_layers.1.norm2: LayerNorm
2025-11-12 11:03:46,480 - main - INFO -   transformer_encoder.encoder_layers.2: TransformerEncoderLayer
2025-11-12 11:03:46,480 - main - INFO -   transformer_encoder.encoder_layers.2.attention: MultiHeadAttention
2025-11-12 11:03:46,480 - main - INFO -   transformer_encoder.encoder_layers.2.attention.W_q: Linear
2025-11-12 11:03:46,481 - main - INFO -   transformer_encoder.encoder_layers.2.attention.W_k: Linear
2025-11-12 11:03:46,481 - main - INFO -   transformer_encoder.encoder_layers.2.attention.W_v: Linear
2025-11-12 11:03:46,481 - main - INFO -   transformer_encoder.encoder_layers.2.attention.W_o: Linear
2025-11-12 11:03:46,481 - main - INFO -   transformer_encoder.encoder_layers.2.feed_forward: PositionWiseFeedForward
2025-11-12 11:03:46,481 - main - INFO -   transformer_encoder.encoder_layers.2.feed_forward.fc1: Linear
2025-11-12 11:03:46,481 - main - INFO -   transformer_encoder.encoder_layers.2.feed_forward.fc2: Linear
2025-11-12 11:03:46,482 - main - INFO -   transformer_encoder.encoder_layers.2.feed_forward.relu: ReLU
2025-11-12 11:03:46,482 - main - INFO -   transformer_encoder.encoder_layers.2.norm1: LayerNorm
2025-11-12 11:03:46,482 - main - INFO -   transformer_encoder.encoder_layers.2.norm2: LayerNorm
2025-11-12 11:03:46,482 - main - INFO -   transformer_encoder.encoder_layers.3: TransformerEncoderLayer
2025-11-12 11:03:46,482 - main - INFO -   transformer_encoder.encoder_layers.3.attention: MultiHeadAttention
2025-11-12 11:03:46,483 - main - INFO -   transformer_encoder.encoder_layers.3.attention.W_q: Linear
2025-11-12 11:03:46,483 - main - INFO -   transformer_encoder.encoder_layers.3.attention.W_k: Linear
2025-11-12 11:03:46,483 - main - INFO -   transformer_encoder.encoder_layers.3.attention.W_v: Linear
2025-11-12 11:03:46,483 - main - INFO -   transformer_encoder.encoder_layers.3.attention.W_o: Linear
2025-11-12 11:03:46,483 - main - INFO -   transformer_encoder.encoder_layers.3.feed_forward: PositionWiseFeedForward
2025-11-12 11:03:46,483 - main - INFO -   transformer_encoder.encoder_layers.3.feed_forward.fc1: Linear
2025-11-12 11:03:46,484 - main - INFO -   transformer_encoder.encoder_layers.3.feed_forward.fc2: Linear
2025-11-12 11:03:46,484 - main - INFO -   transformer_encoder.encoder_layers.3.feed_forward.relu: ReLU
2025-11-12 11:03:46,484 - main - INFO -   transformer_encoder.encoder_layers.3.norm1: LayerNorm
2025-11-12 11:03:46,484 - main - INFO -   transformer_encoder.encoder_layers.3.norm2: LayerNorm
2025-11-12 11:03:46,484 - main - INFO -   transformer_encoder.dropout: Dropout
2025-11-12 11:03:46,484 - main - INFO -   diffusion_decoder: ConditionalUNet
2025-11-12 11:03:46,485 - main - INFO -   diffusion_decoder.time_mlp: Sequential
2025-11-12 11:03:46,485 - main - INFO -   diffusion_decoder.time_mlp.0: SinusoidalPositionEmbeddings
2025-11-12 11:03:46,485 - main - INFO -   diffusion_decoder.time_mlp.1: Linear
2025-11-12 11:03:46,485 - main - INFO -   diffusion_decoder.time_mlp.2: ReLU
2025-11-12 11:03:46,485 - main - INFO -   diffusion_decoder.cond_adapters: ModuleList
2025-11-12 11:03:46,486 - main - INFO -   diffusion_decoder.cond_adapters.0: Conv2d
2025-11-12 11:03:46,486 - main - INFO -   diffusion_decoder.cond_adapters.1: Conv2d
2025-11-12 11:03:46,486 - main - INFO -   diffusion_decoder.cond_adapters.2: Conv2d
2025-11-12 11:03:46,486 - main - INFO -   diffusion_decoder.cond_adapters.3: Conv2d
2025-11-12 11:03:46,486 - main - INFO -   diffusion_decoder.down1: DownBlock
2025-11-12 11:03:46,486 - main - INFO -   diffusion_decoder.down1.block: Block
2025-11-12 11:03:46,487 - main - INFO -   diffusion_decoder.down1.block.conv1: Conv2d
2025-11-12 11:03:46,487 - main - INFO -   diffusion_decoder.down1.block.bn1: BatchNorm2d
2025-11-12 11:03:46,487 - main - INFO -   diffusion_decoder.down1.block.conv2: Conv2d
2025-11-12 11:03:46,487 - main - INFO -   diffusion_decoder.down1.block.bn2: BatchNorm2d
2025-11-12 11:03:46,487 - main - INFO -   diffusion_decoder.down1.block.relu: ReLU
2025-11-12 11:03:46,487 - main - INFO -   diffusion_decoder.down1.block.time_mlp: Linear
2025-11-12 11:03:46,488 - main - INFO -   diffusion_decoder.down1.pool: MaxPool2d
2025-11-12 11:03:46,488 - main - INFO -   diffusion_decoder.down2: DownBlock
2025-11-12 11:03:46,488 - main - INFO -   diffusion_decoder.down2.block: Block
2025-11-12 11:03:46,488 - main - INFO -   diffusion_decoder.down2.block.conv1: Conv2d
2025-11-12 11:03:46,488 - main - INFO -   diffusion_decoder.down2.block.bn1: BatchNorm2d
2025-11-12 11:03:46,489 - main - INFO -   diffusion_decoder.down2.block.conv2: Conv2d
2025-11-12 11:03:46,489 - main - INFO -   diffusion_decoder.down2.block.bn2: BatchNorm2d
2025-11-12 11:03:46,489 - main - INFO -   diffusion_decoder.down2.block.relu: ReLU
2025-11-12 11:03:46,489 - main - INFO -   diffusion_decoder.down2.block.time_mlp: Linear
2025-11-12 11:03:46,489 - main - INFO -   diffusion_decoder.down2.pool: MaxPool2d
2025-11-12 11:03:46,490 - main - INFO -   diffusion_decoder.down3: DownBlock
2025-11-12 11:03:46,490 - main - INFO -   diffusion_decoder.down3.block: Block
2025-11-12 11:03:46,490 - main - INFO -   diffusion_decoder.down3.block.conv1: Conv2d
2025-11-12 11:03:46,490 - main - INFO -   diffusion_decoder.down3.block.bn1: BatchNorm2d
2025-11-12 11:03:46,490 - main - INFO -   diffusion_decoder.down3.block.conv2: Conv2d
2025-11-12 11:03:46,490 - main - INFO -   diffusion_decoder.down3.block.bn2: BatchNorm2d
2025-11-12 11:03:46,491 - main - INFO -   diffusion_decoder.down3.block.relu: ReLU
2025-11-12 11:03:46,491 - main - INFO -   diffusion_decoder.down3.block.time_mlp: Linear
2025-11-12 11:03:46,491 - main - INFO -   diffusion_decoder.down3.pool: MaxPool2d
2025-11-12 11:03:46,491 - main - INFO -   diffusion_decoder.down4: DownBlock
2025-11-12 11:03:46,491 - main - INFO -   diffusion_decoder.down4.block: Block
2025-11-12 11:03:46,491 - main - INFO -   diffusion_decoder.down4.block.conv1: Conv2d
2025-11-12 11:03:46,492 - main - INFO -   diffusion_decoder.down4.block.bn1: BatchNorm2d
2025-11-12 11:03:46,492 - main - INFO -   diffusion_decoder.down4.block.conv2: Conv2d
2025-11-12 11:03:46,492 - main - INFO -   diffusion_decoder.down4.block.bn2: BatchNorm2d
2025-11-12 11:03:46,492 - main - INFO -   diffusion_decoder.down4.block.relu: ReLU
2025-11-12 11:03:46,492 - main - INFO -   diffusion_decoder.down4.block.time_mlp: Linear
2025-11-12 11:03:46,492 - main - INFO -   diffusion_decoder.down4.pool: MaxPool2d
2025-11-12 11:03:46,493 - main - INFO -   diffusion_decoder.bottleneck: Block
2025-11-12 11:03:46,493 - main - INFO -   diffusion_decoder.bottleneck.conv1: Conv2d
2025-11-12 11:03:46,494 - main - INFO -   diffusion_decoder.bottleneck.bn1: BatchNorm2d
2025-11-12 11:03:46,494 - main - INFO -   diffusion_decoder.bottleneck.conv2: Conv2d
2025-11-12 11:03:46,494 - main - INFO -   diffusion_decoder.bottleneck.bn2: BatchNorm2d
2025-11-12 11:03:46,495 - main - INFO -   diffusion_decoder.bottleneck.relu: ReLU
2025-11-12 11:03:46,495 - main - INFO -   diffusion_decoder.bottleneck.time_mlp: Linear
2025-11-12 11:03:46,495 - main - INFO -   diffusion_decoder.up1: UpBlock
2025-11-12 11:03:46,495 - main - INFO -   diffusion_decoder.up1.up: Upsample
2025-11-12 11:03:46,495 - main - INFO -   diffusion_decoder.up1.block: Block
2025-11-12 11:03:46,495 - main - INFO -   diffusion_decoder.up1.block.conv1: Conv2d
2025-11-12 11:03:46,495 - main - INFO -   diffusion_decoder.up1.block.bn1: BatchNorm2d
2025-11-12 11:03:46,495 - main - INFO -   diffusion_decoder.up1.block.conv2: Conv2d
2025-11-12 11:03:46,496 - main - INFO -   diffusion_decoder.up1.block.bn2: BatchNorm2d
2025-11-12 11:03:46,496 - main - INFO -   diffusion_decoder.up1.block.relu: ReLU
2025-11-12 11:03:46,496 - main - INFO -   diffusion_decoder.up1.block.time_mlp: Linear
2025-11-12 11:03:46,496 - main - INFO -   diffusion_decoder.up2: UpBlock
2025-11-12 11:03:46,496 - main - INFO -   diffusion_decoder.up2.up: Upsample
2025-11-12 11:03:46,496 - main - INFO -   diffusion_decoder.up2.block: Block
2025-11-12 11:03:46,497 - main - INFO -   diffusion_decoder.up2.block.conv1: Conv2d
2025-11-12 11:03:46,497 - main - INFO -   diffusion_decoder.up2.block.bn1: BatchNorm2d
2025-11-12 11:03:46,497 - main - INFO -   diffusion_decoder.up2.block.conv2: Conv2d
2025-11-12 11:03:46,497 - main - INFO -   diffusion_decoder.up2.block.bn2: BatchNorm2d
2025-11-12 11:03:46,497 - main - INFO -   diffusion_decoder.up2.block.relu: ReLU
2025-11-12 11:03:46,497 - main - INFO -   diffusion_decoder.up2.block.time_mlp: Linear
2025-11-12 11:03:46,498 - main - INFO -   diffusion_decoder.up3: UpBlock
2025-11-12 11:03:46,498 - main - INFO -   diffusion_decoder.up3.up: Upsample
2025-11-12 11:03:46,498 - main - INFO -   diffusion_decoder.up3.block: Block
2025-11-12 11:03:46,498 - main - INFO -   diffusion_decoder.up3.block.conv1: Conv2d
2025-11-12 11:03:46,499 - main - INFO -   diffusion_decoder.up3.block.bn1: BatchNorm2d
2025-11-12 11:03:46,499 - main - INFO -   diffusion_decoder.up3.block.conv2: Conv2d
2025-11-12 11:03:46,499 - main - INFO -   diffusion_decoder.up3.block.bn2: BatchNorm2d
2025-11-12 11:03:46,499 - main - INFO -   diffusion_decoder.up3.block.relu: ReLU
2025-11-12 11:03:46,500 - main - INFO -   diffusion_decoder.up3.block.time_mlp: Linear
2025-11-12 11:03:46,500 - main - INFO -   diffusion_decoder.up4: UpBlock
2025-11-12 11:03:46,500 - main - INFO -   diffusion_decoder.up4.up: Upsample
2025-11-12 11:03:46,500 - main - INFO -   diffusion_decoder.up4.block: Block
2025-11-12 11:03:46,500 - main - INFO -   diffusion_decoder.up4.block.conv1: Conv2d
2025-11-12 11:03:46,501 - main - INFO -   diffusion_decoder.up4.block.bn1: BatchNorm2d
2025-11-12 11:03:46,501 - main - INFO -   diffusion_decoder.up4.block.conv2: Conv2d
2025-11-12 11:03:46,501 - main - INFO -   diffusion_decoder.up4.block.bn2: BatchNorm2d
2025-11-12 11:03:46,501 - main - INFO -   diffusion_decoder.up4.block.relu: ReLU
2025-11-12 11:03:46,501 - main - INFO -   diffusion_decoder.up4.block.time_mlp: Linear
2025-11-12 11:03:46,502 - main - INFO -   diffusion_decoder.output: Conv2d
2025-11-12 11:03:46,502 - main - INFO -   diffusion_decoder.film_scales: ModuleList
2025-11-12 11:03:46,502 - main - INFO -   diffusion_decoder.film_scales.0: Linear
2025-11-12 11:03:46,502 - main - INFO -   diffusion_decoder.film_scales.1: Linear
2025-11-12 11:03:46,502 - main - INFO -   diffusion_decoder.film_scales.2: Linear
2025-11-12 11:03:46,502 - main - INFO -   diffusion_decoder.film_scales.3: Linear
2025-11-12 11:03:46,503 - main - INFO -   diffusion_decoder.film_shifts: ModuleList
2025-11-12 11:03:46,503 - main - INFO -   diffusion_decoder.film_shifts.0: Linear
2025-11-12 11:03:46,503 - main - INFO -   diffusion_decoder.film_shifts.1: Linear
2025-11-12 11:03:46,503 - main - INFO -   diffusion_decoder.film_shifts.2: Linear
2025-11-12 11:03:46,503 - main - INFO -   diffusion_decoder.film_shifts.3: Linear
2025-11-12 11:03:46,504 - main - INFO - Starting sampling mode...
2025-11-12 11:03:46,506 - main - INFO - Input sequence shape: torch.Size([1, 15, 3, 32, 32])
2025-11-12 11:10:34 | main       | INFO     | Loading config from configs/default.yaml...
2025-11-12 11:10:35 | main       | INFO     | Creating model...
2025-11-12 11:10:36 | main       | INFO     | ============================================================
2025-11-12 11:10:36 | main       | INFO     | Model Summary: ForecastingModel
2025-11-12 11:10:36 | main       | INFO     | ============================================================
2025-11-12 11:10:36 | main       | INFO     | Total Parameters    : 14,025,185
2025-11-12 11:10:36 | main       | INFO     | Trainable Parameters: 14,025,185
2025-11-12 11:10:36 | main       | INFO     | Non-trainable Parameters: 0
2025-11-12 11:10:36 | main       | INFO     | ============================================================
2025-11-12 11:10:36 | main       | INFO     | Starting sampling mode...
2025-11-12 11:10:36 | main       | INFO     | Input sequence shape: [1, 15, 3, 32, 32]
2025-11-12 11:10:36 | main       | INFO     | Generating sample...
2025-11-12 11:10:36 | main       | ERROR    | Error during sampling: not enough values to unpack (expected 5, got 4)
2025-11-12 11:10:36 | main       | INFO     | Process completed.
2025-11-12 11:12:23 | main       | INFO     | Loading config from configs/default.yaml...
2025-11-12 11:12:30 | main       | INFO     | Creating model...
2025-11-12 11:12:30 | main       | INFO     | ============================================================
2025-11-12 11:12:30 | main       | INFO     | Model Summary: ForecastingModel
2025-11-12 11:12:30 | main       | INFO     | ============================================================
2025-11-12 11:12:30 | main       | INFO     | Total Parameters    : 14,025,185
2025-11-12 11:12:30 | main       | INFO     | Trainable Parameters: 14,025,185
2025-11-12 11:12:30 | main       | INFO     | Non-trainable Parameters: 0
2025-11-12 11:12:30 | main       | INFO     | ============================================================
2025-11-12 11:12:30 | main       | INFO     | Starting sampling mode...
2025-11-12 11:12:30 | main       | INFO     | Input sequence shape: [1, 15, 3, 32, 32]
2025-11-12 11:12:30 | main       | INFO     | Generating sample...
2025-11-12 11:12:31 | main       | ERROR    | Error during sampling: Given groups=1, weight of size [64, 1, 3, 3], expected input[1, 3, 32, 32] to have 1 channels, but got 3 channels instead
2025-11-12 11:12:31 | main       | INFO     | Process completed.
2025-11-12 11:15:16,010 - main - INFO - Loading config from configs/default.yaml...
2025-11-12 11:15:17,668 - main - INFO - Creating model...
2025-11-12 11:15:17,924 - main - INFO - Model: ForecastingModel
2025-11-12 11:15:17,925 - main - INFO - Total parameters: 14,025,185
2025-11-12 11:15:17,925 - main - INFO - Trainable parameters: 14,025,185
2025-11-12 11:15:17,925 - main - INFO - Model structure:
2025-11-12 11:15:17,926 - main - INFO -   spatial_encoder: SpatialEncoder
2025-11-12 11:15:17,926 - main - INFO -   spatial_encoder.encoder: Sequential
2025-11-12 11:15:17,926 - main - INFO -   spatial_encoder.encoder.0: Conv2d
2025-11-12 11:15:17,926 - main - INFO -   spatial_encoder.encoder.1: BatchNorm2d
2025-11-12 11:15:17,926 - main - INFO -   spatial_encoder.encoder.2: ReLU
2025-11-12 11:15:17,926 - main - INFO -   spatial_encoder.encoder.3: ResBlock
2025-11-12 11:15:17,926 - main - INFO -   spatial_encoder.encoder.3.conv1: Conv2d
2025-11-12 11:15:17,927 - main - INFO -   spatial_encoder.encoder.3.bn1: BatchNorm2d
2025-11-12 11:15:17,927 - main - INFO -   spatial_encoder.encoder.3.conv2: Conv2d
2025-11-12 11:15:17,927 - main - INFO -   spatial_encoder.encoder.3.bn2: BatchNorm2d
2025-11-12 11:15:17,927 - main - INFO -   spatial_encoder.encoder.3.shortcut: Sequential
2025-11-12 11:15:17,927 - main - INFO -   spatial_encoder.encoder.4: ResBlock
2025-11-12 11:15:17,928 - main - INFO -   spatial_encoder.encoder.4.conv1: Conv2d
2025-11-12 11:15:17,928 - main - INFO -   spatial_encoder.encoder.4.bn1: BatchNorm2d
2025-11-12 11:15:17,928 - main - INFO -   spatial_encoder.encoder.4.conv2: Conv2d
2025-11-12 11:15:17,928 - main - INFO -   spatial_encoder.encoder.4.bn2: BatchNorm2d
2025-11-12 11:15:17,928 - main - INFO -   spatial_encoder.encoder.4.shortcut: Sequential
2025-11-12 11:15:17,928 - main - INFO -   spatial_encoder.encoder.4.shortcut.0: Conv2d
2025-11-12 11:15:17,928 - main - INFO -   spatial_encoder.encoder.4.shortcut.1: BatchNorm2d
2025-11-12 11:15:17,929 - main - INFO -   temporal_encoder: TemporalTCN
2025-11-12 11:15:17,929 - main - INFO -   temporal_encoder.network: Sequential
2025-11-12 11:15:17,929 - main - INFO -   temporal_encoder.network.0: TCNBlock
2025-11-12 11:15:17,929 - main - INFO -   temporal_encoder.network.0.conv1: CausalConv1D
2025-11-12 11:15:17,929 - main - INFO -   temporal_encoder.network.0.conv1.conv: Conv1d
2025-11-12 11:15:17,929 - main - INFO -   temporal_encoder.network.0.bn1: BatchNorm1d
2025-11-12 11:15:17,930 - main - INFO -   temporal_encoder.network.0.conv2: CausalConv1D
2025-11-12 11:15:17,930 - main - INFO -   temporal_encoder.network.0.conv2.conv: Conv1d
2025-11-12 11:15:17,930 - main - INFO -   temporal_encoder.network.0.bn2: BatchNorm1d
2025-11-12 11:15:17,930 - main - INFO -   temporal_encoder.network.0.relu: ReLU
2025-11-12 11:15:17,930 - main - INFO -   temporal_encoder.network.1: TCNBlock
2025-11-12 11:15:17,930 - main - INFO -   temporal_encoder.network.1.conv1: CausalConv1D
2025-11-12 11:15:17,931 - main - INFO -   temporal_encoder.network.1.conv1.conv: Conv1d
2025-11-12 11:15:17,931 - main - INFO -   temporal_encoder.network.1.bn1: BatchNorm1d
2025-11-12 11:15:17,931 - main - INFO -   temporal_encoder.network.1.conv2: CausalConv1D
2025-11-12 11:15:17,931 - main - INFO -   temporal_encoder.network.1.conv2.conv: Conv1d
2025-11-12 11:15:17,931 - main - INFO -   temporal_encoder.network.1.bn2: BatchNorm1d
2025-11-12 11:15:17,932 - main - INFO -   temporal_encoder.network.1.relu: ReLU
2025-11-12 11:15:17,932 - main - INFO -   temporal_encoder.network.2: TCNBlock
2025-11-12 11:15:17,932 - main - INFO -   temporal_encoder.network.2.conv1: CausalConv1D
2025-11-12 11:15:17,932 - main - INFO -   temporal_encoder.network.2.conv1.conv: Conv1d
2025-11-12 11:15:17,932 - main - INFO -   temporal_encoder.network.2.bn1: BatchNorm1d
2025-11-12 11:15:17,933 - main - INFO -   temporal_encoder.network.2.conv2: CausalConv1D
2025-11-12 11:15:17,933 - main - INFO -   temporal_encoder.network.2.conv2.conv: Conv1d
2025-11-12 11:15:17,933 - main - INFO -   temporal_encoder.network.2.bn2: BatchNorm1d
2025-11-12 11:15:17,933 - main - INFO -   temporal_encoder.network.2.relu: ReLU
2025-11-12 11:15:17,933 - main - INFO -   temporal_encoder.network.3: TCNBlock
2025-11-12 11:15:17,933 - main - INFO -   temporal_encoder.network.3.conv1: CausalConv1D
2025-11-12 11:15:17,934 - main - INFO -   temporal_encoder.network.3.conv1.conv: Conv1d
2025-11-12 11:15:17,934 - main - INFO -   temporal_encoder.network.3.bn1: BatchNorm1d
2025-11-12 11:15:17,934 - main - INFO -   temporal_encoder.network.3.conv2: CausalConv1D
2025-11-12 11:15:17,934 - main - INFO -   temporal_encoder.network.3.conv2.conv: Conv1d
2025-11-12 11:15:17,934 - main - INFO -   temporal_encoder.network.3.bn2: BatchNorm1d
2025-11-12 11:15:17,934 - main - INFO -   temporal_encoder.network.3.relu: ReLU
2025-11-12 11:15:17,934 - main - INFO -   transformer_encoder: TransformerEncoder
2025-11-12 11:15:17,935 - main - INFO -   transformer_encoder.positional_encoding: PositionalEncoding
2025-11-12 11:15:17,935 - main - INFO -   transformer_encoder.encoder_layers: ModuleList
2025-11-12 11:15:17,935 - main - INFO -   transformer_encoder.encoder_layers.0: TransformerEncoderLayer
2025-11-12 11:15:17,935 - main - INFO -   transformer_encoder.encoder_layers.0.attention: MultiHeadAttention
2025-11-12 11:15:17,935 - main - INFO -   transformer_encoder.encoder_layers.0.attention.W_q: Linear
2025-11-12 11:15:17,936 - main - INFO -   transformer_encoder.encoder_layers.0.attention.W_k: Linear
2025-11-12 11:15:17,936 - main - INFO -   transformer_encoder.encoder_layers.0.attention.W_v: Linear
2025-11-12 11:15:17,936 - main - INFO -   transformer_encoder.encoder_layers.0.attention.W_o: Linear
2025-11-12 11:15:17,936 - main - INFO -   transformer_encoder.encoder_layers.0.feed_forward: PositionWiseFeedForward
2025-11-12 11:15:17,936 - main - INFO -   transformer_encoder.encoder_layers.0.feed_forward.fc1: Linear
2025-11-12 11:15:17,936 - main - INFO -   transformer_encoder.encoder_layers.0.feed_forward.fc2: Linear
2025-11-12 11:15:17,936 - main - INFO -   transformer_encoder.encoder_layers.0.feed_forward.relu: ReLU
2025-11-12 11:15:17,937 - main - INFO -   transformer_encoder.encoder_layers.0.norm1: LayerNorm
2025-11-12 11:15:17,937 - main - INFO -   transformer_encoder.encoder_layers.0.norm2: LayerNorm
2025-11-12 11:15:17,937 - main - INFO -   transformer_encoder.encoder_layers.1: TransformerEncoderLayer
2025-11-12 11:15:17,937 - main - INFO -   transformer_encoder.encoder_layers.1.attention: MultiHeadAttention
2025-11-12 11:15:17,937 - main - INFO -   transformer_encoder.encoder_layers.1.attention.W_q: Linear
2025-11-12 11:15:17,937 - main - INFO -   transformer_encoder.encoder_layers.1.attention.W_k: Linear
2025-11-12 11:15:17,937 - main - INFO -   transformer_encoder.encoder_layers.1.attention.W_v: Linear
2025-11-12 11:15:17,938 - main - INFO -   transformer_encoder.encoder_layers.1.attention.W_o: Linear
2025-11-12 11:15:17,938 - main - INFO -   transformer_encoder.encoder_layers.1.feed_forward: PositionWiseFeedForward
2025-11-12 11:15:17,938 - main - INFO -   transformer_encoder.encoder_layers.1.feed_forward.fc1: Linear
2025-11-12 11:15:17,938 - main - INFO -   transformer_encoder.encoder_layers.1.feed_forward.fc2: Linear
2025-11-12 11:15:17,938 - main - INFO -   transformer_encoder.encoder_layers.1.feed_forward.relu: ReLU
2025-11-12 11:15:17,938 - main - INFO -   transformer_encoder.encoder_layers.1.norm1: LayerNorm
2025-11-12 11:15:17,938 - main - INFO -   transformer_encoder.encoder_layers.1.norm2: LayerNorm
2025-11-12 11:15:17,938 - main - INFO -   transformer_encoder.encoder_layers.2: TransformerEncoderLayer
2025-11-12 11:15:17,939 - main - INFO -   transformer_encoder.encoder_layers.2.attention: MultiHeadAttention
2025-11-12 11:15:17,939 - main - INFO -   transformer_encoder.encoder_layers.2.attention.W_q: Linear
2025-11-12 11:15:17,939 - main - INFO -   transformer_encoder.encoder_layers.2.attention.W_k: Linear
2025-11-12 11:15:17,939 - main - INFO -   transformer_encoder.encoder_layers.2.attention.W_v: Linear
2025-11-12 11:15:17,939 - main - INFO -   transformer_encoder.encoder_layers.2.attention.W_o: Linear
2025-11-12 11:15:17,939 - main - INFO -   transformer_encoder.encoder_layers.2.feed_forward: PositionWiseFeedForward
2025-11-12 11:15:17,940 - main - INFO -   transformer_encoder.encoder_layers.2.feed_forward.fc1: Linear
2025-11-12 11:15:17,940 - main - INFO -   transformer_encoder.encoder_layers.2.feed_forward.fc2: Linear
2025-11-12 11:15:17,940 - main - INFO -   transformer_encoder.encoder_layers.2.feed_forward.relu: ReLU
2025-11-12 11:15:17,940 - main - INFO -   transformer_encoder.encoder_layers.2.norm1: LayerNorm
2025-11-12 11:15:17,940 - main - INFO -   transformer_encoder.encoder_layers.2.norm2: LayerNorm
2025-11-12 11:15:17,940 - main - INFO -   transformer_encoder.encoder_layers.3: TransformerEncoderLayer
2025-11-12 11:15:17,940 - main - INFO -   transformer_encoder.encoder_layers.3.attention: MultiHeadAttention
2025-11-12 11:15:17,940 - main - INFO -   transformer_encoder.encoder_layers.3.attention.W_q: Linear
2025-11-12 11:15:17,940 - main - INFO -   transformer_encoder.encoder_layers.3.attention.W_k: Linear
2025-11-12 11:15:17,941 - main - INFO -   transformer_encoder.encoder_layers.3.attention.W_v: Linear
2025-11-12 11:15:17,941 - main - INFO -   transformer_encoder.encoder_layers.3.attention.W_o: Linear
2025-11-12 11:15:17,941 - main - INFO -   transformer_encoder.encoder_layers.3.feed_forward: PositionWiseFeedForward
2025-11-12 11:15:17,941 - main - INFO -   transformer_encoder.encoder_layers.3.feed_forward.fc1: Linear
2025-11-12 11:15:17,941 - main - INFO -   transformer_encoder.encoder_layers.3.feed_forward.fc2: Linear
2025-11-12 11:15:17,941 - main - INFO -   transformer_encoder.encoder_layers.3.feed_forward.relu: ReLU
2025-11-12 11:15:17,942 - main - INFO -   transformer_encoder.encoder_layers.3.norm1: LayerNorm
2025-11-12 11:15:17,942 - main - INFO -   transformer_encoder.encoder_layers.3.norm2: LayerNorm
2025-11-12 11:15:17,942 - main - INFO -   transformer_encoder.dropout: Dropout
2025-11-12 11:15:17,942 - main - INFO -   diffusion_decoder: ConditionalUNet
2025-11-12 11:15:17,942 - main - INFO -   diffusion_decoder.time_mlp: Sequential
2025-11-12 11:15:17,942 - main - INFO -   diffusion_decoder.time_mlp.0: SinusoidalPositionEmbeddings
2025-11-12 11:15:17,943 - main - INFO -   diffusion_decoder.time_mlp.1: Linear
2025-11-12 11:15:17,943 - main - INFO -   diffusion_decoder.time_mlp.2: ReLU
2025-11-12 11:15:17,943 - main - INFO -   diffusion_decoder.cond_adapters: ModuleList
2025-11-12 11:15:17,943 - main - INFO -   diffusion_decoder.cond_adapters.0: Conv2d
2025-11-12 11:15:17,943 - main - INFO -   diffusion_decoder.cond_adapters.1: Conv2d
2025-11-12 11:15:17,943 - main - INFO -   diffusion_decoder.cond_adapters.2: Conv2d
2025-11-12 11:15:17,944 - main - INFO -   diffusion_decoder.cond_adapters.3: Conv2d
2025-11-12 11:15:17,944 - main - INFO -   diffusion_decoder.down1: DownBlock
2025-11-12 11:15:17,944 - main - INFO -   diffusion_decoder.down1.block: Block
2025-11-12 11:15:17,944 - main - INFO -   diffusion_decoder.down1.block.conv1: Conv2d
2025-11-12 11:15:17,944 - main - INFO -   diffusion_decoder.down1.block.bn1: BatchNorm2d
2025-11-12 11:15:17,944 - main - INFO -   diffusion_decoder.down1.block.conv2: Conv2d
2025-11-12 11:15:17,944 - main - INFO -   diffusion_decoder.down1.block.bn2: BatchNorm2d
2025-11-12 11:15:17,945 - main - INFO -   diffusion_decoder.down1.block.relu: ReLU
2025-11-12 11:15:17,945 - main - INFO -   diffusion_decoder.down1.block.time_mlp: Linear
2025-11-12 11:15:17,945 - main - INFO -   diffusion_decoder.down1.pool: MaxPool2d
2025-11-12 11:15:17,945 - main - INFO -   diffusion_decoder.down2: DownBlock
2025-11-12 11:15:17,945 - main - INFO -   diffusion_decoder.down2.block: Block
2025-11-12 11:15:17,945 - main - INFO -   diffusion_decoder.down2.block.conv1: Conv2d
2025-11-12 11:15:17,946 - main - INFO -   diffusion_decoder.down2.block.bn1: BatchNorm2d
2025-11-12 11:15:17,946 - main - INFO -   diffusion_decoder.down2.block.conv2: Conv2d
2025-11-12 11:15:17,946 - main - INFO -   diffusion_decoder.down2.block.bn2: BatchNorm2d
2025-11-12 11:15:17,946 - main - INFO -   diffusion_decoder.down2.block.relu: ReLU
2025-11-12 11:15:17,946 - main - INFO -   diffusion_decoder.down2.block.time_mlp: Linear
2025-11-12 11:15:17,946 - main - INFO -   diffusion_decoder.down2.pool: MaxPool2d
2025-11-12 11:15:17,947 - main - INFO -   diffusion_decoder.down3: DownBlock
2025-11-12 11:15:17,947 - main - INFO -   diffusion_decoder.down3.block: Block
2025-11-12 11:15:17,947 - main - INFO -   diffusion_decoder.down3.block.conv1: Conv2d
2025-11-12 11:15:17,948 - main - INFO -   diffusion_decoder.down3.block.bn1: BatchNorm2d
2025-11-12 11:15:17,948 - main - INFO -   diffusion_decoder.down3.block.conv2: Conv2d
2025-11-12 11:15:17,948 - main - INFO -   diffusion_decoder.down3.block.bn2: BatchNorm2d
2025-11-12 11:15:17,948 - main - INFO -   diffusion_decoder.down3.block.relu: ReLU
2025-11-12 11:15:17,949 - main - INFO -   diffusion_decoder.down3.block.time_mlp: Linear
2025-11-12 11:15:17,949 - main - INFO -   diffusion_decoder.down3.pool: MaxPool2d
2025-11-12 11:15:17,949 - main - INFO -   diffusion_decoder.down4: DownBlock
2025-11-12 11:15:17,949 - main - INFO -   diffusion_decoder.down4.block: Block
2025-11-12 11:15:17,949 - main - INFO -   diffusion_decoder.down4.block.conv1: Conv2d
2025-11-12 11:15:17,949 - main - INFO -   diffusion_decoder.down4.block.bn1: BatchNorm2d
2025-11-12 11:15:17,949 - main - INFO -   diffusion_decoder.down4.block.conv2: Conv2d
2025-11-12 11:15:17,950 - main - INFO -   diffusion_decoder.down4.block.bn2: BatchNorm2d
2025-11-12 11:15:17,950 - main - INFO -   diffusion_decoder.down4.block.relu: ReLU
2025-11-12 11:15:17,950 - main - INFO -   diffusion_decoder.down4.block.time_mlp: Linear
2025-11-12 11:15:17,950 - main - INFO -   diffusion_decoder.down4.pool: MaxPool2d
2025-11-12 11:15:17,950 - main - INFO -   diffusion_decoder.bottleneck: Block
2025-11-12 11:15:17,950 - main - INFO -   diffusion_decoder.bottleneck.conv1: Conv2d
2025-11-12 11:15:17,951 - main - INFO -   diffusion_decoder.bottleneck.bn1: BatchNorm2d
2025-11-12 11:15:17,951 - main - INFO -   diffusion_decoder.bottleneck.conv2: Conv2d
2025-11-12 11:15:17,951 - main - INFO -   diffusion_decoder.bottleneck.bn2: BatchNorm2d
2025-11-12 11:15:17,951 - main - INFO -   diffusion_decoder.bottleneck.relu: ReLU
2025-11-12 11:15:17,951 - main - INFO -   diffusion_decoder.bottleneck.time_mlp: Linear
2025-11-12 11:15:17,951 - main - INFO -   diffusion_decoder.up1: UpBlock
2025-11-12 11:15:17,952 - main - INFO -   diffusion_decoder.up1.up: Upsample
2025-11-12 11:15:17,952 - main - INFO -   diffusion_decoder.up1.block: Block
2025-11-12 11:15:17,952 - main - INFO -   diffusion_decoder.up1.block.conv1: Conv2d
2025-11-12 11:15:17,952 - main - INFO -   diffusion_decoder.up1.block.bn1: BatchNorm2d
2025-11-12 11:15:17,952 - main - INFO -   diffusion_decoder.up1.block.conv2: Conv2d
2025-11-12 11:15:17,952 - main - INFO -   diffusion_decoder.up1.block.bn2: BatchNorm2d
2025-11-12 11:15:17,952 - main - INFO -   diffusion_decoder.up1.block.relu: ReLU
2025-11-12 11:15:17,953 - main - INFO -   diffusion_decoder.up1.block.time_mlp: Linear
2025-11-12 11:15:17,953 - main - INFO -   diffusion_decoder.up2: UpBlock
2025-11-12 11:15:17,953 - main - INFO -   diffusion_decoder.up2.up: Upsample
2025-11-12 11:15:17,953 - main - INFO -   diffusion_decoder.up2.block: Block
2025-11-12 11:15:17,953 - main - INFO -   diffusion_decoder.up2.block.conv1: Conv2d
2025-11-12 11:15:17,953 - main - INFO -   diffusion_decoder.up2.block.bn1: BatchNorm2d
2025-11-12 11:15:17,953 - main - INFO -   diffusion_decoder.up2.block.conv2: Conv2d
2025-11-12 11:15:17,954 - main - INFO -   diffusion_decoder.up2.block.bn2: BatchNorm2d
2025-11-12 11:15:17,954 - main - INFO -   diffusion_decoder.up2.block.relu: ReLU
2025-11-12 11:15:17,954 - main - INFO -   diffusion_decoder.up2.block.time_mlp: Linear
2025-11-12 11:15:17,954 - main - INFO -   diffusion_decoder.up3: UpBlock
2025-11-12 11:15:17,954 - main - INFO -   diffusion_decoder.up3.up: Upsample
2025-11-12 11:15:17,954 - main - INFO -   diffusion_decoder.up3.block: Block
2025-11-12 11:15:17,955 - main - INFO -   diffusion_decoder.up3.block.conv1: Conv2d
2025-11-12 11:15:17,955 - main - INFO -   diffusion_decoder.up3.block.bn1: BatchNorm2d
2025-11-12 11:15:17,955 - main - INFO -   diffusion_decoder.up3.block.conv2: Conv2d
2025-11-12 11:15:17,955 - main - INFO -   diffusion_decoder.up3.block.bn2: BatchNorm2d
2025-11-12 11:15:17,955 - main - INFO -   diffusion_decoder.up3.block.relu: ReLU
2025-11-12 11:15:17,956 - main - INFO -   diffusion_decoder.up3.block.time_mlp: Linear
2025-11-12 11:15:17,956 - main - INFO -   diffusion_decoder.up4: UpBlock
2025-11-12 11:15:17,956 - main - INFO -   diffusion_decoder.up4.up: Upsample
2025-11-12 11:15:17,956 - main - INFO -   diffusion_decoder.up4.block: Block
2025-11-12 11:15:17,956 - main - INFO -   diffusion_decoder.up4.block.conv1: Conv2d
2025-11-12 11:15:17,956 - main - INFO -   diffusion_decoder.up4.block.bn1: BatchNorm2d
2025-11-12 11:15:17,957 - main - INFO -   diffusion_decoder.up4.block.conv2: Conv2d
2025-11-12 11:15:17,957 - main - INFO -   diffusion_decoder.up4.block.bn2: BatchNorm2d
2025-11-12 11:15:17,957 - main - INFO -   diffusion_decoder.up4.block.relu: ReLU
2025-11-12 11:15:17,957 - main - INFO -   diffusion_decoder.up4.block.time_mlp: Linear
2025-11-12 11:15:17,957 - main - INFO -   diffusion_decoder.output: Conv2d
2025-11-12 11:15:17,958 - main - INFO -   diffusion_decoder.film_scales: ModuleList
2025-11-12 11:15:17,958 - main - INFO -   diffusion_decoder.film_scales.0: Linear
2025-11-12 11:15:17,958 - main - INFO -   diffusion_decoder.film_scales.1: Linear
2025-11-12 11:15:17,958 - main - INFO -   diffusion_decoder.film_scales.2: Linear
2025-11-12 11:15:17,958 - main - INFO -   diffusion_decoder.film_scales.3: Linear
2025-11-12 11:15:17,958 - main - INFO -   diffusion_decoder.film_shifts: ModuleList
2025-11-12 11:15:17,959 - main - INFO -   diffusion_decoder.film_shifts.0: Linear
2025-11-12 11:15:17,959 - main - INFO -   diffusion_decoder.film_shifts.1: Linear
2025-11-12 11:15:17,959 - main - INFO -   diffusion_decoder.film_shifts.2: Linear
2025-11-12 11:15:17,959 - main - INFO -   diffusion_decoder.film_shifts.3: Linear
2025-11-12 11:15:17,959 - main - INFO - Starting sampling mode...
2025-11-12 11:15:18,998 - main - INFO - Initial noise shape: torch.Size([1, 15, 3, 32, 32])
2025-11-12 11:15:41,950 - main - INFO - Loading config from configs/default.yaml...
2025-11-12 11:15:43,753 - main - INFO - Creating model...
2025-11-12 11:15:44,037 - main - INFO - Model: ForecastingModel
2025-11-12 11:15:44,039 - main - INFO - Total parameters: 14,025,185
2025-11-12 11:15:44,039 - main - INFO - Trainable parameters: 14,025,185
2025-11-12 11:15:44,039 - main - INFO - Model structure:
2025-11-12 11:15:44,039 - main - INFO -   spatial_encoder: SpatialEncoder
2025-11-12 11:15:44,039 - main - INFO -   spatial_encoder.encoder: Sequential
2025-11-12 11:15:44,039 - main - INFO -   spatial_encoder.encoder.0: Conv2d
2025-11-12 11:15:44,040 - main - INFO -   spatial_encoder.encoder.1: BatchNorm2d
2025-11-12 11:15:44,040 - main - INFO -   spatial_encoder.encoder.2: ReLU
2025-11-12 11:15:44,040 - main - INFO -   spatial_encoder.encoder.3: ResBlock
2025-11-12 11:15:44,040 - main - INFO -   spatial_encoder.encoder.3.conv1: Conv2d
2025-11-12 11:15:44,040 - main - INFO -   spatial_encoder.encoder.3.bn1: BatchNorm2d
2025-11-12 11:15:44,040 - main - INFO -   spatial_encoder.encoder.3.conv2: Conv2d
2025-11-12 11:15:44,041 - main - INFO -   spatial_encoder.encoder.3.bn2: BatchNorm2d
2025-11-12 11:15:44,041 - main - INFO -   spatial_encoder.encoder.3.shortcut: Sequential
2025-11-12 11:15:44,041 - main - INFO -   spatial_encoder.encoder.4: ResBlock
2025-11-12 11:15:44,041 - main - INFO -   spatial_encoder.encoder.4.conv1: Conv2d
2025-11-12 11:15:44,041 - main - INFO -   spatial_encoder.encoder.4.bn1: BatchNorm2d
2025-11-12 11:15:44,041 - main - INFO -   spatial_encoder.encoder.4.conv2: Conv2d
2025-11-12 11:15:44,042 - main - INFO -   spatial_encoder.encoder.4.bn2: BatchNorm2d
2025-11-12 11:15:44,042 - main - INFO -   spatial_encoder.encoder.4.shortcut: Sequential
2025-11-12 11:15:44,042 - main - INFO -   spatial_encoder.encoder.4.shortcut.0: Conv2d
2025-11-12 11:15:44,042 - main - INFO -   spatial_encoder.encoder.4.shortcut.1: BatchNorm2d
2025-11-12 11:15:44,042 - main - INFO -   temporal_encoder: TemporalTCN
2025-11-12 11:15:44,042 - main - INFO -   temporal_encoder.network: Sequential
2025-11-12 11:15:44,042 - main - INFO -   temporal_encoder.network.0: TCNBlock
2025-11-12 11:15:44,043 - main - INFO -   temporal_encoder.network.0.conv1: CausalConv1D
2025-11-12 11:15:44,043 - main - INFO -   temporal_encoder.network.0.conv1.conv: Conv1d
2025-11-12 11:15:44,043 - main - INFO -   temporal_encoder.network.0.bn1: BatchNorm1d
2025-11-12 11:15:44,043 - main - INFO -   temporal_encoder.network.0.conv2: CausalConv1D
2025-11-12 11:15:44,043 - main - INFO -   temporal_encoder.network.0.conv2.conv: Conv1d
2025-11-12 11:15:44,043 - main - INFO -   temporal_encoder.network.0.bn2: BatchNorm1d
2025-11-12 11:15:44,044 - main - INFO -   temporal_encoder.network.0.relu: ReLU
2025-11-12 11:15:44,044 - main - INFO -   temporal_encoder.network.1: TCNBlock
2025-11-12 11:15:44,044 - main - INFO -   temporal_encoder.network.1.conv1: CausalConv1D
2025-11-12 11:15:44,044 - main - INFO -   temporal_encoder.network.1.conv1.conv: Conv1d
2025-11-12 11:15:44,044 - main - INFO -   temporal_encoder.network.1.bn1: BatchNorm1d
2025-11-12 11:15:44,044 - main - INFO -   temporal_encoder.network.1.conv2: CausalConv1D
2025-11-12 11:15:44,044 - main - INFO -   temporal_encoder.network.1.conv2.conv: Conv1d
2025-11-12 11:15:44,045 - main - INFO -   temporal_encoder.network.1.bn2: BatchNorm1d
2025-11-12 11:15:44,045 - main - INFO -   temporal_encoder.network.1.relu: ReLU
2025-11-12 11:15:44,045 - main - INFO -   temporal_encoder.network.2: TCNBlock
2025-11-12 11:15:44,045 - main - INFO -   temporal_encoder.network.2.conv1: CausalConv1D
2025-11-12 11:15:44,045 - main - INFO -   temporal_encoder.network.2.conv1.conv: Conv1d
2025-11-12 11:15:44,046 - main - INFO -   temporal_encoder.network.2.bn1: BatchNorm1d
2025-11-12 11:15:44,046 - main - INFO -   temporal_encoder.network.2.conv2: CausalConv1D
2025-11-12 11:15:44,046 - main - INFO -   temporal_encoder.network.2.conv2.conv: Conv1d
2025-11-12 11:15:44,046 - main - INFO -   temporal_encoder.network.2.bn2: BatchNorm1d
2025-11-12 11:15:44,046 - main - INFO -   temporal_encoder.network.2.relu: ReLU
2025-11-12 11:15:44,046 - main - INFO -   temporal_encoder.network.3: TCNBlock
2025-11-12 11:15:44,047 - main - INFO -   temporal_encoder.network.3.conv1: CausalConv1D
2025-11-12 11:15:44,047 - main - INFO -   temporal_encoder.network.3.conv1.conv: Conv1d
2025-11-12 11:15:44,047 - main - INFO -   temporal_encoder.network.3.bn1: BatchNorm1d
2025-11-12 11:15:44,047 - main - INFO -   temporal_encoder.network.3.conv2: CausalConv1D
2025-11-12 11:15:44,047 - main - INFO -   temporal_encoder.network.3.conv2.conv: Conv1d
2025-11-12 11:15:44,047 - main - INFO -   temporal_encoder.network.3.bn2: BatchNorm1d
2025-11-12 11:15:44,048 - main - INFO -   temporal_encoder.network.3.relu: ReLU
2025-11-12 11:15:44,048 - main - INFO -   transformer_encoder: TransformerEncoder
2025-11-12 11:15:44,048 - main - INFO -   transformer_encoder.positional_encoding: PositionalEncoding
2025-11-12 11:15:44,048 - main - INFO -   transformer_encoder.encoder_layers: ModuleList
2025-11-12 11:15:44,048 - main - INFO -   transformer_encoder.encoder_layers.0: TransformerEncoderLayer
2025-11-12 11:15:44,048 - main - INFO -   transformer_encoder.encoder_layers.0.attention: MultiHeadAttention
2025-11-12 11:15:44,048 - main - INFO -   transformer_encoder.encoder_layers.0.attention.W_q: Linear
2025-11-12 11:15:44,049 - main - INFO -   transformer_encoder.encoder_layers.0.attention.W_k: Linear
2025-11-12 11:15:44,049 - main - INFO -   transformer_encoder.encoder_layers.0.attention.W_v: Linear
2025-11-12 11:15:44,049 - main - INFO -   transformer_encoder.encoder_layers.0.attention.W_o: Linear
2025-11-12 11:15:44,049 - main - INFO -   transformer_encoder.encoder_layers.0.feed_forward: PositionWiseFeedForward
2025-11-12 11:15:44,049 - main - INFO -   transformer_encoder.encoder_layers.0.feed_forward.fc1: Linear
2025-11-12 11:15:44,049 - main - INFO -   transformer_encoder.encoder_layers.0.feed_forward.fc2: Linear
2025-11-12 11:15:44,049 - main - INFO -   transformer_encoder.encoder_layers.0.feed_forward.relu: ReLU
2025-11-12 11:15:44,050 - main - INFO -   transformer_encoder.encoder_layers.0.norm1: LayerNorm
2025-11-12 11:15:44,050 - main - INFO -   transformer_encoder.encoder_layers.0.norm2: LayerNorm
2025-11-12 11:15:44,050 - main - INFO -   transformer_encoder.encoder_layers.1: TransformerEncoderLayer
2025-11-12 11:15:44,051 - main - INFO -   transformer_encoder.encoder_layers.1.attention: MultiHeadAttention
2025-11-12 11:15:44,051 - main - INFO -   transformer_encoder.encoder_layers.1.attention.W_q: Linear
2025-11-12 11:15:44,051 - main - INFO -   transformer_encoder.encoder_layers.1.attention.W_k: Linear
2025-11-12 11:15:44,051 - main - INFO -   transformer_encoder.encoder_layers.1.attention.W_v: Linear
2025-11-12 11:15:44,051 - main - INFO -   transformer_encoder.encoder_layers.1.attention.W_o: Linear
2025-11-12 11:15:44,052 - main - INFO -   transformer_encoder.encoder_layers.1.feed_forward: PositionWiseFeedForward
2025-11-12 11:15:44,052 - main - INFO -   transformer_encoder.encoder_layers.1.feed_forward.fc1: Linear
2025-11-12 11:15:44,052 - main - INFO -   transformer_encoder.encoder_layers.1.feed_forward.fc2: Linear
2025-11-12 11:15:44,052 - main - INFO -   transformer_encoder.encoder_layers.1.feed_forward.relu: ReLU
2025-11-12 11:15:44,052 - main - INFO -   transformer_encoder.encoder_layers.1.norm1: LayerNorm
2025-11-12 11:15:44,052 - main - INFO -   transformer_encoder.encoder_layers.1.norm2: LayerNorm
2025-11-12 11:15:44,053 - main - INFO -   transformer_encoder.encoder_layers.2: TransformerEncoderLayer
2025-11-12 11:15:44,053 - main - INFO -   transformer_encoder.encoder_layers.2.attention: MultiHeadAttention
2025-11-12 11:15:44,053 - main - INFO -   transformer_encoder.encoder_layers.2.attention.W_q: Linear
2025-11-12 11:15:44,053 - main - INFO -   transformer_encoder.encoder_layers.2.attention.W_k: Linear
2025-11-12 11:15:44,053 - main - INFO -   transformer_encoder.encoder_layers.2.attention.W_v: Linear
2025-11-12 11:15:44,053 - main - INFO -   transformer_encoder.encoder_layers.2.attention.W_o: Linear
2025-11-12 11:15:44,053 - main - INFO -   transformer_encoder.encoder_layers.2.feed_forward: PositionWiseFeedForward
2025-11-12 11:15:44,053 - main - INFO -   transformer_encoder.encoder_layers.2.feed_forward.fc1: Linear
2025-11-12 11:15:44,054 - main - INFO -   transformer_encoder.encoder_layers.2.feed_forward.fc2: Linear
2025-11-12 11:15:44,054 - main - INFO -   transformer_encoder.encoder_layers.2.feed_forward.relu: ReLU
2025-11-12 11:15:44,054 - main - INFO -   transformer_encoder.encoder_layers.2.norm1: LayerNorm
2025-11-12 11:15:44,054 - main - INFO -   transformer_encoder.encoder_layers.2.norm2: LayerNorm
2025-11-12 11:15:44,054 - main - INFO -   transformer_encoder.encoder_layers.3: TransformerEncoderLayer
2025-11-12 11:15:44,054 - main - INFO -   transformer_encoder.encoder_layers.3.attention: MultiHeadAttention
2025-11-12 11:15:44,054 - main - INFO -   transformer_encoder.encoder_layers.3.attention.W_q: Linear
2025-11-12 11:15:44,054 - main - INFO -   transformer_encoder.encoder_layers.3.attention.W_k: Linear
2025-11-12 11:15:44,055 - main - INFO -   transformer_encoder.encoder_layers.3.attention.W_v: Linear
2025-11-12 11:15:44,055 - main - INFO -   transformer_encoder.encoder_layers.3.attention.W_o: Linear
2025-11-12 11:15:44,055 - main - INFO -   transformer_encoder.encoder_layers.3.feed_forward: PositionWiseFeedForward
2025-11-12 11:15:44,055 - main - INFO -   transformer_encoder.encoder_layers.3.feed_forward.fc1: Linear
2025-11-12 11:15:44,055 - main - INFO -   transformer_encoder.encoder_layers.3.feed_forward.fc2: Linear
2025-11-12 11:15:44,055 - main - INFO -   transformer_encoder.encoder_layers.3.feed_forward.relu: ReLU
2025-11-12 11:15:44,056 - main - INFO -   transformer_encoder.encoder_layers.3.norm1: LayerNorm
2025-11-12 11:15:44,056 - main - INFO -   transformer_encoder.encoder_layers.3.norm2: LayerNorm
2025-11-12 11:15:44,056 - main - INFO -   transformer_encoder.dropout: Dropout
2025-11-12 11:15:44,056 - main - INFO -   diffusion_decoder: ConditionalUNet
2025-11-12 11:15:44,056 - main - INFO -   diffusion_decoder.time_mlp: Sequential
2025-11-12 11:15:44,056 - main - INFO -   diffusion_decoder.time_mlp.0: SinusoidalPositionEmbeddings
2025-11-12 11:15:44,057 - main - INFO -   diffusion_decoder.time_mlp.1: Linear
2025-11-12 11:15:44,057 - main - INFO -   diffusion_decoder.time_mlp.2: ReLU
2025-11-12 11:15:44,057 - main - INFO -   diffusion_decoder.cond_adapters: ModuleList
2025-11-12 11:15:44,057 - main - INFO -   diffusion_decoder.cond_adapters.0: Conv2d
2025-11-12 11:15:44,057 - main - INFO -   diffusion_decoder.cond_adapters.1: Conv2d
2025-11-12 11:15:44,057 - main - INFO -   diffusion_decoder.cond_adapters.2: Conv2d
2025-11-12 11:15:44,058 - main - INFO -   diffusion_decoder.cond_adapters.3: Conv2d
2025-11-12 11:15:44,058 - main - INFO -   diffusion_decoder.down1: DownBlock
2025-11-12 11:15:44,058 - main - INFO -   diffusion_decoder.down1.block: Block
2025-11-12 11:15:44,058 - main - INFO -   diffusion_decoder.down1.block.conv1: Conv2d
2025-11-12 11:15:44,058 - main - INFO -   diffusion_decoder.down1.block.bn1: BatchNorm2d
2025-11-12 11:15:44,059 - main - INFO -   diffusion_decoder.down1.block.conv2: Conv2d
2025-11-12 11:15:44,059 - main - INFO -   diffusion_decoder.down1.block.bn2: BatchNorm2d
2025-11-12 11:15:44,059 - main - INFO -   diffusion_decoder.down1.block.relu: ReLU
2025-11-12 11:15:44,059 - main - INFO -   diffusion_decoder.down1.block.time_mlp: Linear
2025-11-12 11:15:44,059 - main - INFO -   diffusion_decoder.down1.pool: MaxPool2d
2025-11-12 11:15:44,060 - main - INFO -   diffusion_decoder.down2: DownBlock
2025-11-12 11:15:44,060 - main - INFO -   diffusion_decoder.down2.block: Block
2025-11-12 11:15:44,060 - main - INFO -   diffusion_decoder.down2.block.conv1: Conv2d
2025-11-12 11:15:44,060 - main - INFO -   diffusion_decoder.down2.block.bn1: BatchNorm2d
2025-11-12 11:15:44,060 - main - INFO -   diffusion_decoder.down2.block.conv2: Conv2d
2025-11-12 11:15:44,061 - main - INFO -   diffusion_decoder.down2.block.bn2: BatchNorm2d
2025-11-12 11:15:44,061 - main - INFO -   diffusion_decoder.down2.block.relu: ReLU
2025-11-12 11:15:44,061 - main - INFO -   diffusion_decoder.down2.block.time_mlp: Linear
2025-11-12 11:15:44,061 - main - INFO -   diffusion_decoder.down2.pool: MaxPool2d
2025-11-12 11:15:44,061 - main - INFO -   diffusion_decoder.down3: DownBlock
2025-11-12 11:15:44,061 - main - INFO -   diffusion_decoder.down3.block: Block
2025-11-12 11:15:44,062 - main - INFO -   diffusion_decoder.down3.block.conv1: Conv2d
2025-11-12 11:15:44,062 - main - INFO -   diffusion_decoder.down3.block.bn1: BatchNorm2d
2025-11-12 11:15:44,062 - main - INFO -   diffusion_decoder.down3.block.conv2: Conv2d
2025-11-12 11:15:44,062 - main - INFO -   diffusion_decoder.down3.block.bn2: BatchNorm2d
2025-11-12 11:15:44,062 - main - INFO -   diffusion_decoder.down3.block.relu: ReLU
2025-11-12 11:15:44,062 - main - INFO -   diffusion_decoder.down3.block.time_mlp: Linear
2025-11-12 11:15:44,063 - main - INFO -   diffusion_decoder.down3.pool: MaxPool2d
2025-11-12 11:15:44,063 - main - INFO -   diffusion_decoder.down4: DownBlock
2025-11-12 11:15:44,063 - main - INFO -   diffusion_decoder.down4.block: Block
2025-11-12 11:15:44,063 - main - INFO -   diffusion_decoder.down4.block.conv1: Conv2d
2025-11-12 11:15:44,063 - main - INFO -   diffusion_decoder.down4.block.bn1: BatchNorm2d
2025-11-12 11:15:44,064 - main - INFO -   diffusion_decoder.down4.block.conv2: Conv2d
2025-11-12 11:15:44,064 - main - INFO -   diffusion_decoder.down4.block.bn2: BatchNorm2d
2025-11-12 11:15:44,064 - main - INFO -   diffusion_decoder.down4.block.relu: ReLU
2025-11-12 11:15:44,064 - main - INFO -   diffusion_decoder.down4.block.time_mlp: Linear
2025-11-12 11:15:44,064 - main - INFO -   diffusion_decoder.down4.pool: MaxPool2d
2025-11-12 11:15:44,064 - main - INFO -   diffusion_decoder.bottleneck: Block
2025-11-12 11:15:44,064 - main - INFO -   diffusion_decoder.bottleneck.conv1: Conv2d
2025-11-12 11:15:44,065 - main - INFO -   diffusion_decoder.bottleneck.bn1: BatchNorm2d
2025-11-12 11:15:44,065 - main - INFO -   diffusion_decoder.bottleneck.conv2: Conv2d
2025-11-12 11:15:44,065 - main - INFO -   diffusion_decoder.bottleneck.bn2: BatchNorm2d
2025-11-12 11:15:44,065 - main - INFO -   diffusion_decoder.bottleneck.relu: ReLU
2025-11-12 11:15:44,065 - main - INFO -   diffusion_decoder.bottleneck.time_mlp: Linear
2025-11-12 11:15:44,066 - main - INFO -   diffusion_decoder.up1: UpBlock
2025-11-12 11:15:44,066 - main - INFO -   diffusion_decoder.up1.up: Upsample
2025-11-12 11:15:44,066 - main - INFO -   diffusion_decoder.up1.block: Block
2025-11-12 11:15:44,066 - main - INFO -   diffusion_decoder.up1.block.conv1: Conv2d
2025-11-12 11:15:44,066 - main - INFO -   diffusion_decoder.up1.block.bn1: BatchNorm2d
2025-11-12 11:15:44,066 - main - INFO -   diffusion_decoder.up1.block.conv2: Conv2d
2025-11-12 11:15:44,066 - main - INFO -   diffusion_decoder.up1.block.bn2: BatchNorm2d
2025-11-12 11:15:44,067 - main - INFO -   diffusion_decoder.up1.block.relu: ReLU
2025-11-12 11:15:44,067 - main - INFO -   diffusion_decoder.up1.block.time_mlp: Linear
2025-11-12 11:15:44,067 - main - INFO -   diffusion_decoder.up2: UpBlock
2025-11-12 11:15:44,067 - main - INFO -   diffusion_decoder.up2.up: Upsample
2025-11-12 11:15:44,068 - main - INFO -   diffusion_decoder.up2.block: Block
2025-11-12 11:15:44,068 - main - INFO -   diffusion_decoder.up2.block.conv1: Conv2d
2025-11-12 11:15:44,068 - main - INFO -   diffusion_decoder.up2.block.bn1: BatchNorm2d
2025-11-12 11:15:44,068 - main - INFO -   diffusion_decoder.up2.block.conv2: Conv2d
2025-11-12 11:15:44,069 - main - INFO -   diffusion_decoder.up2.block.bn2: BatchNorm2d
2025-11-12 11:15:44,069 - main - INFO -   diffusion_decoder.up2.block.relu: ReLU
2025-11-12 11:15:44,069 - main - INFO -   diffusion_decoder.up2.block.time_mlp: Linear
2025-11-12 11:15:44,069 - main - INFO -   diffusion_decoder.up3: UpBlock
2025-11-12 11:15:44,069 - main - INFO -   diffusion_decoder.up3.up: Upsample
2025-11-12 11:15:44,070 - main - INFO -   diffusion_decoder.up3.block: Block
2025-11-12 11:15:44,070 - main - INFO -   diffusion_decoder.up3.block.conv1: Conv2d
2025-11-12 11:15:44,070 - main - INFO -   diffusion_decoder.up3.block.bn1: BatchNorm2d
2025-11-12 11:15:44,070 - main - INFO -   diffusion_decoder.up3.block.conv2: Conv2d
2025-11-12 11:15:44,070 - main - INFO -   diffusion_decoder.up3.block.bn2: BatchNorm2d
2025-11-12 11:15:44,071 - main - INFO -   diffusion_decoder.up3.block.relu: ReLU
2025-11-12 11:15:44,071 - main - INFO -   diffusion_decoder.up3.block.time_mlp: Linear
2025-11-12 11:15:44,071 - main - INFO -   diffusion_decoder.up4: UpBlock
2025-11-12 11:15:44,071 - main - INFO -   diffusion_decoder.up4.up: Upsample
2025-11-12 11:15:44,071 - main - INFO -   diffusion_decoder.up4.block: Block
2025-11-12 11:15:44,071 - main - INFO -   diffusion_decoder.up4.block.conv1: Conv2d
2025-11-12 11:15:44,072 - main - INFO -   diffusion_decoder.up4.block.bn1: BatchNorm2d
2025-11-12 11:15:44,072 - main - INFO -   diffusion_decoder.up4.block.conv2: Conv2d
2025-11-12 11:15:44,072 - main - INFO -   diffusion_decoder.up4.block.bn2: BatchNorm2d
2025-11-12 11:15:44,072 - main - INFO -   diffusion_decoder.up4.block.relu: ReLU
2025-11-12 11:15:44,072 - main - INFO -   diffusion_decoder.up4.block.time_mlp: Linear
2025-11-12 11:15:44,072 - main - INFO -   diffusion_decoder.output: Conv2d
2025-11-12 11:15:44,073 - main - INFO -   diffusion_decoder.film_scales: ModuleList
2025-11-12 11:15:44,073 - main - INFO -   diffusion_decoder.film_scales.0: Linear
2025-11-12 11:15:44,073 - main - INFO -   diffusion_decoder.film_scales.1: Linear
2025-11-12 11:15:44,073 - main - INFO -   diffusion_decoder.film_scales.2: Linear
2025-11-12 11:15:44,073 - main - INFO -   diffusion_decoder.film_scales.3: Linear
2025-11-12 11:15:44,073 - main - INFO -   diffusion_decoder.film_shifts: ModuleList
2025-11-12 11:15:44,073 - main - INFO -   diffusion_decoder.film_shifts.0: Linear
2025-11-12 11:15:44,073 - main - INFO -   diffusion_decoder.film_shifts.1: Linear
2025-11-12 11:15:44,074 - main - INFO -   diffusion_decoder.film_shifts.2: Linear
2025-11-12 11:15:44,074 - main - INFO -   diffusion_decoder.film_shifts.3: Linear
2025-11-12 11:15:44,074 - main - INFO - Starting sampling mode...
2025-11-12 11:15:44,761 - main - INFO - Input sequence shape: torch.Size([1, 15, 3, 32, 32])
2025-11-12 11:18:09,782 - main - INFO - Loading config from configs/default.yaml...
2025-11-12 11:18:11,428 - main - INFO - Creating model...
2025-11-12 11:18:11,702 - main - INFO - ==================================================
2025-11-12 11:18:11,702 - main - INFO - Model: ForecastingModel
2025-11-12 11:18:11,703 - main - INFO - Total parameters: 14,025,185
2025-11-12 11:18:11,704 - main - INFO - Trainable parameters: 14,025,185
2025-11-12 11:18:11,704 - main - INFO - ==================================================
2025-11-12 11:18:11,704 - main - INFO - Starting sampling mode...
2025-11-12 11:18:12,813 - main - INFO - Model moved to device: cuda
2025-11-12 11:18:12,814 - main - INFO - Creating sample input tensor...
2025-11-12 11:18:12,814 - main - INFO - Input sequence shape: torch.Size([1, 15, 3, 32, 32])
2025-11-12 11:18:12,814 - main - INFO - Starting model sampling...
2025-11-12 11:19:50,638 - main - INFO - Generated image shape: torch.Size([1, 1, 128, 128])
2025-11-12 11:19:50,638 - main - INFO - Process completed.
